2017-02-21 20:27:07.266 [main] INFO  eudcApi.guice.GuiceInjector  - Loading modules annotated with @Module...
2017-02-21 20:27:08.538 [main] INFO  org.reflections.Reflections  - Reflections took 852 ms to scan 1 urls, producing 23 keys and 56 values 
2017-02-21 20:27:08.646 [main] INFO  eudcApi.guice.GuiceInjector  - 3 modules loaded.
2017-02-21 20:27:10.545 [main] INFO  eudcApi.guice.provider.ConfigurationProvider  - No custom configuration file set.
2017-02-21 20:27:10.695 [main] INFO  eudcApi.guice.provider.ConfigurationProvider  - Default configuration loaded from [file:/home/mart/eudcApi/target/classes/default.properties]
2017-02-21 20:27:10.734 [main] INFO  eudcApi.ApplicationManager  - Application is not running.
2017-02-21 20:27:10.735 [main] INFO  eudcApi.ApplicationLauncher  - Starting application server on port [7070]
2017-02-21 20:27:10.765 [main] INFO  eudcApi.server.EmbeddedJetty  - Starting jetty on port 7070
2017-02-21 20:27:10.906 [main] INFO  org.eclipse.jetty.util.log  - Logging initialized @7029ms
2017-02-21 20:27:11.192 [main] INFO  org.eclipse.jetty.server.Server  - jetty-9.2.10.v20150310
2017-02-21 20:27:11.778 [main] WARN  org.eclipse.jetty.util.component.AbstractLifeCycle  - FAILED o.e.j.s.ServletContextHandler@4f1bfe23{/,null,STARTING}: java.lang.NoClassDefFoundError: org/glassfish/hk2/utilities/cache/ComputationErrorException
java.lang.NoClassDefFoundError: org/glassfish/hk2/utilities/cache/ComputationErrorException
	at org.jvnet.hk2.external.generator.ServiceLocatorGeneratorImpl.initialize(ServiceLocatorGeneratorImpl.java:68)
	at org.jvnet.hk2.external.generator.ServiceLocatorGeneratorImpl.create(ServiceLocatorGeneratorImpl.java:103)
	at org.glassfish.hk2.internal.ServiceLocatorFactoryImpl.internalCreate(ServiceLocatorFactoryImpl.java:265)
	at org.glassfish.hk2.internal.ServiceLocatorFactoryImpl.create(ServiceLocatorFactoryImpl.java:225)
	at org.glassfish.jersey.internal.inject.Injections._createLocator(Injections.java:138)
	at org.glassfish.jersey.internal.inject.Injections.createLocator(Injections.java:123)
	at org.glassfish.jersey.server.ApplicationHandler.<init>(ApplicationHandler.java:330)
	at org.glassfish.jersey.servlet.WebComponent.<init>(WebComponent.java:392)
	at org.glassfish.jersey.servlet.ServletContainer.init(ServletContainer.java:177)
	at org.glassfish.jersey.servlet.ServletContainer.init(ServletContainer.java:369)
	at javax.servlet.GenericServlet.init(GenericServlet.java:244)
	at org.eclipse.jetty.servlet.ServletHolder.initServlet(ServletHolder.java:612)
	at org.eclipse.jetty.servlet.ServletHolder.initialize(ServletHolder.java:395)
	at org.eclipse.jetty.servlet.ServletHandler.initialize(ServletHandler.java:871)
	at org.eclipse.jetty.servlet.ServletContextHandler.startContext(ServletContextHandler.java:298)
	at org.eclipse.jetty.server.handler.ContextHandler.doStart(ContextHandler.java:741)
	at org.eclipse.jetty.util.component.AbstractLifeCycle.start(AbstractLifeCycle.java:68)
	at org.eclipse.jetty.util.component.ContainerLifeCycle.start(ContainerLifeCycle.java:132)
	at org.eclipse.jetty.server.Server.start(Server.java:387)
	at org.eclipse.jetty.util.component.ContainerLifeCycle.doStart(ContainerLifeCycle.java:114)
	at org.eclipse.jetty.server.handler.AbstractHandler.doStart(AbstractHandler.java:61)
	at org.eclipse.jetty.server.Server.doStart(Server.java:354)
	at org.eclipse.jetty.util.component.AbstractLifeCycle.start(AbstractLifeCycle.java:68)
	at eudcApi.server.EmbeddedJetty.start(EmbeddedJetty.java:39)
	at eudcApi.ApplicationLauncher.startServer(ApplicationLauncher.java:57)
	at eudcApi.ApplicationLauncher.startApplication(ApplicationLauncher.java:34)
	at eudcApi.ApplicationLauncher.main(ApplicationLauncher.java:80)
Caused by: java.lang.ClassNotFoundException: org.glassfish.hk2.utilities.cache.ComputationErrorException
	at java.net.URLClassLoader.findClass(URLClassLoader.java:381)
	at java.lang.ClassLoader.loadClass(ClassLoader.java:424)
	at sun.misc.Launcher$AppClassLoader.loadClass(Launcher.java:331)
	at java.lang.ClassLoader.loadClass(ClassLoader.java:357)
	... 27 more
2017-02-21 20:27:11.924 [main] INFO  org.eclipse.jetty.server.ServerConnector  - Started ServerConnector@75d95845{HTTP/1.1}{0.0.0.0:7070}
2017-02-21 20:27:11.926 [main] WARN  org.eclipse.jetty.util.component.AbstractLifeCycle  - FAILED org.eclipse.jetty.server.Server@2a76840c: java.lang.NoClassDefFoundError: org/glassfish/hk2/utilities/cache/ComputationErrorException
java.lang.NoClassDefFoundError: org/glassfish/hk2/utilities/cache/ComputationErrorException
	at org.jvnet.hk2.external.generator.ServiceLocatorGeneratorImpl.initialize(ServiceLocatorGeneratorImpl.java:68)
	at org.jvnet.hk2.external.generator.ServiceLocatorGeneratorImpl.create(ServiceLocatorGeneratorImpl.java:103)
	at org.glassfish.hk2.internal.ServiceLocatorFactoryImpl.internalCreate(ServiceLocatorFactoryImpl.java:265)
	at org.glassfish.hk2.internal.ServiceLocatorFactoryImpl.create(ServiceLocatorFactoryImpl.java:225)
	at org.glassfish.jersey.internal.inject.Injections._createLocator(Injections.java:138)
	at org.glassfish.jersey.internal.inject.Injections.createLocator(Injections.java:123)
	at org.glassfish.jersey.server.ApplicationHandler.<init>(ApplicationHandler.java:330)
	at org.glassfish.jersey.servlet.WebComponent.<init>(WebComponent.java:392)
	at org.glassfish.jersey.servlet.ServletContainer.init(ServletContainer.java:177)
	at org.glassfish.jersey.servlet.ServletContainer.init(ServletContainer.java:369)
	at javax.servlet.GenericServlet.init(GenericServlet.java:244)
	at org.eclipse.jetty.servlet.ServletHolder.initServlet(ServletHolder.java:612)
	at org.eclipse.jetty.servlet.ServletHolder.initialize(ServletHolder.java:395)
	at org.eclipse.jetty.servlet.ServletHandler.initialize(ServletHandler.java:871)
	at org.eclipse.jetty.servlet.ServletContextHandler.startContext(ServletContextHandler.java:298)
	at org.eclipse.jetty.server.handler.ContextHandler.doStart(ContextHandler.java:741)
	at org.eclipse.jetty.util.component.AbstractLifeCycle.start(AbstractLifeCycle.java:68)
	at org.eclipse.jetty.util.component.ContainerLifeCycle.start(ContainerLifeCycle.java:132)
	at org.eclipse.jetty.server.Server.start(Server.java:387)
	at org.eclipse.jetty.util.component.ContainerLifeCycle.doStart(ContainerLifeCycle.java:114)
	at org.eclipse.jetty.server.handler.AbstractHandler.doStart(AbstractHandler.java:61)
	at org.eclipse.jetty.server.Server.doStart(Server.java:354)
	at org.eclipse.jetty.util.component.AbstractLifeCycle.start(AbstractLifeCycle.java:68)
	at eudcApi.server.EmbeddedJetty.start(EmbeddedJetty.java:39)
	at eudcApi.ApplicationLauncher.startServer(ApplicationLauncher.java:57)
	at eudcApi.ApplicationLauncher.startApplication(ApplicationLauncher.java:34)
	at eudcApi.ApplicationLauncher.main(ApplicationLauncher.java:80)
Caused by: java.lang.ClassNotFoundException: org.glassfish.hk2.utilities.cache.ComputationErrorException
	at java.net.URLClassLoader.findClass(URLClassLoader.java:381)
	at java.lang.ClassLoader.loadClass(ClassLoader.java:424)
	at sun.misc.Launcher$AppClassLoader.loadClass(Launcher.java:331)
	at java.lang.ClassLoader.loadClass(ClassLoader.java:357)
	... 27 more
2017-02-21 20:34:46.067 [main] INFO  eudcApi.guice.GuiceInjector  - Loading modules annotated with @Module...
2017-02-21 20:34:46.749 [main] INFO  org.reflections.Reflections  - Reflections took 502 ms to scan 1 urls, producing 23 keys and 56 values 
2017-02-21 20:34:46.822 [main] INFO  eudcApi.guice.GuiceInjector  - 3 modules loaded.
2017-02-21 20:34:47.924 [main] INFO  eudcApi.guice.provider.ConfigurationProvider  - No custom configuration file set.
2017-02-21 20:34:48.082 [main] INFO  eudcApi.guice.provider.ConfigurationProvider  - Default configuration loaded from [file:/home/mart/eudcApi/target/classes/default.properties]
2017-02-21 20:34:48.125 [main] INFO  eudcApi.ApplicationManager  - Application is not running.
2017-02-21 20:34:48.126 [main] INFO  eudcApi.ApplicationLauncher  - Starting application server on port [7070]
2017-02-21 20:34:48.140 [main] INFO  eudcApi.server.EmbeddedJetty  - Starting jetty on port 7070
2017-02-21 20:34:48.248 [main] INFO  org.eclipse.jetty.util.log  - Logging initialized @3601ms
2017-02-21 20:34:48.547 [main] INFO  org.eclipse.jetty.server.Server  - jetty-9.2.10.v20150310
2017-02-21 20:34:52.067 [main] INFO  org.eclipse.jetty.server.handler.ContextHandler  - Started o.e.j.s.ServletContextHandler@15cea7b0{/,null,AVAILABLE}
2017-02-21 20:34:52.100 [main] INFO  org.eclipse.jetty.server.ServerConnector  - Started ServerConnector@3eaae0c4{HTTP/1.1}{0.0.0.0:7070}
2017-02-21 20:34:52.101 [main] INFO  org.eclipse.jetty.server.Server  - Started @7458ms
2017-02-21 20:34:52.151 [command-listener] INFO  eudcApi.ApplicationManager  - Command listener started on port [9999]
2017-02-21 20:41:29.237 [qtp169833205-18] INFO  eudcApi.guice.provider.EntityManagerFactoryProvider  - Initializing EntityManagerFactory properties [{hibernate.connection.driver_class=com.mysql.jdbc.Driver, hibernate.hbm2ddl.auto=validate, hibernate.c3p0.initialpoolsize=5, hibernate.c3p0.max_size=100, hibernate.c3p0.max_statements=50, hibernate.c3p0.idle_test_period=400, hibernate.c3p0.preferredTestQuery=SELECT 1, hibernate.dialect=org.hibernate.dialect.MySQLDialect, hibernate.c3p0.min_size=5, hibernate.connection.password=root, hibernate.connection.username=root, hibernate.connection.url=jdbc:mysql://127.0.0.1/eudcApi, hibernate.c3p0.timeout=300, hibernate.c3p0.testConnectionOnCheckin=true, hibernate.show_sql=false, hibernate.c3p0.acquire_increment=1}]
2017-02-21 20:41:31.154 [qtp169833205-18] INFO  com.mchange.v2.log.MLog  - MLog clients using log4j logging.
2017-02-21 20:41:31.649 [qtp169833205-18] INFO  com.mchange.v2.c3p0.C3P0Registry  - Initializing c3p0-0.9.2.1 [built 20-March-2013 10:47:27 +0000; debug? true; trace: 10]
2017-02-21 20:41:31.975 [qtp169833205-18] INFO  com.mchange.v2.c3p0.impl.AbstractPoolBackedDataSource  - Initializing c3p0 pool... com.mchange.v2.c3p0.PoolBackedDataSource@180dfe1d [ connectionPoolDataSource -> com.mchange.v2.c3p0.WrapperConnectionPoolDataSource@22e1df37 [ acquireIncrement -> 1, acquireRetryAttempts -> 30, acquireRetryDelay -> 1000, autoCommitOnClose -> false, automaticTestTable -> null, breakAfterAcquireFailure -> false, checkoutTimeout -> 0, connectionCustomizerClassName -> null, connectionTesterClassName -> com.mchange.v2.c3p0.impl.DefaultConnectionTester, debugUnreturnedConnectionStackTraces -> false, factoryClassLocation -> null, forceIgnoreUnresolvedTransactions -> false, identityToken -> z8kfsx9mr6ohhz3u94l5|c1170cd, idleConnectionTestPeriod -> 400, initialPoolSize -> 5, maxAdministrativeTaskTime -> 0, maxConnectionAge -> 0, maxIdleTime -> 300, maxIdleTimeExcessConnections -> 0, maxPoolSize -> 100, maxStatements -> 50, maxStatementsPerConnection -> 0, minPoolSize -> 5, nestedDataSource -> com.mchange.v2.c3p0.DriverManagerDataSource@7e11a7a5 [ description -> null, driverClass -> null, factoryClassLocation -> null, identityToken -> z8kfsx9mr6ohhz3u94l5|1148c5c2, jdbcUrl -> jdbc:mysql://127.0.0.1/eudcApi, properties -> {user=******, password=******} ], preferredTestQuery -> SELECT 1, propertyCycle -> 0, statementCacheNumDeferredCloseThreads -> 0, testConnectionOnCheckin -> true, testConnectionOnCheckout -> false, unreturnedConnectionTimeout -> 0, usesTraditionalReflectiveProxies -> false; userOverrides: {} ], dataSourceName -> null, factoryClassLocation -> null, identityToken -> z8kfsx9mr6ohhz3u94l5|500b0044, numHelperThreads -> 3 ]
2017-02-21 20:41:41.000 [qtp169833205-19] ERROR eudcApi.rest.errorhandling.GenericExceptionMapper  - Handling error
javax.persistence.PersistenceException: org.hibernate.exception.SQLGrammarException: could not execute statement
	at org.hibernate.jpa.spi.AbstractEntityManagerImpl.convert(AbstractEntityManagerImpl.java:1763)
	at org.hibernate.jpa.spi.AbstractEntityManagerImpl.convert(AbstractEntityManagerImpl.java:1677)
	at org.hibernate.jpa.spi.AbstractEntityManagerImpl.throwPersistenceException(AbstractEntityManagerImpl.java:1771)
	at org.hibernate.jpa.spi.AbstractQueryImpl.executeUpdate(AbstractQueryImpl.java:87)
	at eudcApi.dao.TimerCardDAO.deleteUsersTimerCard(TimerCardDAO.java:64)
	at eudcApi.service.TimerCardService.deleteUsersTimerCard(TimerCardService.java:38)
	at eudcApi.rest.TimerCardResource.deleteUsersCard(TimerCardResource.java:72)
	at sun.reflect.NativeMethodAccessorImpl.invoke0(Native Method)
	at sun.reflect.NativeMethodAccessorImpl.invoke(NativeMethodAccessorImpl.java:62)
	at sun.reflect.DelegatingMethodAccessorImpl.invoke(DelegatingMethodAccessorImpl.java:43)
	at java.lang.reflect.Method.invoke(Method.java:498)
	at org.glassfish.jersey.server.model.internal.ResourceMethodInvocationHandlerFactory$1.invoke(ResourceMethodInvocationHandlerFactory.java:81)
	at org.glassfish.jersey.server.model.internal.AbstractJavaResourceMethodDispatcher$1.run(AbstractJavaResourceMethodDispatcher.java:144)
	at org.glassfish.jersey.server.model.internal.AbstractJavaResourceMethodDispatcher.invoke(AbstractJavaResourceMethodDispatcher.java:161)
	at org.glassfish.jersey.server.model.internal.JavaResourceMethodDispatcherProvider$VoidOutInvoker.doDispatch(JavaResourceMethodDispatcherProvider.java:143)
	at org.glassfish.jersey.server.model.internal.AbstractJavaResourceMethodDispatcher.dispatch(AbstractJavaResourceMethodDispatcher.java:99)
	at org.glassfish.jersey.server.model.ResourceMethodInvoker.invoke(ResourceMethodInvoker.java:389)
	at org.glassfish.jersey.server.model.ResourceMethodInvoker.apply(ResourceMethodInvoker.java:347)
	at org.glassfish.jersey.server.model.ResourceMethodInvoker.apply(ResourceMethodInvoker.java:102)
	at org.glassfish.jersey.server.ServerRuntime$2.run(ServerRuntime.java:326)
	at org.glassfish.jersey.internal.Errors$1.call(Errors.java:271)
	at org.glassfish.jersey.internal.Errors$1.call(Errors.java:267)
	at org.glassfish.jersey.internal.Errors.process(Errors.java:315)
	at org.glassfish.jersey.internal.Errors.process(Errors.java:297)
	at org.glassfish.jersey.internal.Errors.process(Errors.java:267)
	at org.glassfish.jersey.process.internal.RequestScope.runInScope(RequestScope.java:317)
	at org.glassfish.jersey.server.ServerRuntime.process(ServerRuntime.java:305)
	at org.glassfish.jersey.server.ApplicationHandler.handle(ApplicationHandler.java:1154)
	at org.glassfish.jersey.servlet.WebComponent.serviceImpl(WebComponent.java:473)
	at org.glassfish.jersey.servlet.WebComponent.service(WebComponent.java:427)
	at org.glassfish.jersey.servlet.ServletContainer.service(ServletContainer.java:388)
	at org.glassfish.jersey.servlet.ServletContainer.service(ServletContainer.java:341)
	at org.glassfish.jersey.servlet.ServletContainer.service(ServletContainer.java:228)
	at org.eclipse.jetty.servlet.ServletHolder.handle(ServletHolder.java:808)
	at org.eclipse.jetty.servlet.ServletHandler$CachedChain.doFilter(ServletHandler.java:1669)
	at com.google.inject.servlet.FilterChainInvocation.doFilter(FilterChainInvocation.java:89)
	at com.google.inject.servlet.ManagedFilterPipeline.dispatch(ManagedFilterPipeline.java:119)
	at com.google.inject.servlet.GuiceFilter$1.call(GuiceFilter.java:133)
	at com.google.inject.servlet.GuiceFilter$1.call(GuiceFilter.java:130)
	at com.google.inject.servlet.GuiceFilter$Context.call(GuiceFilter.java:203)
	at com.google.inject.servlet.GuiceFilter.doFilter(GuiceFilter.java:130)
	at org.eclipse.jetty.servlet.ServletHandler$CachedChain.doFilter(ServletHandler.java:1652)
	at org.eclipse.jetty.servlet.ServletHandler.doHandle(ServletHandler.java:585)
	at org.eclipse.jetty.server.handler.ContextHandler.doHandle(ContextHandler.java:1127)
	at org.eclipse.jetty.servlet.ServletHandler.doScope(ServletHandler.java:515)
	at org.eclipse.jetty.server.handler.ContextHandler.doScope(ContextHandler.java:1061)
	at org.eclipse.jetty.server.handler.ScopedHandler.handle(ScopedHandler.java:141)
	at org.eclipse.jetty.server.handler.HandlerWrapper.handle(HandlerWrapper.java:97)
	at org.eclipse.jetty.server.Server.handle(Server.java:497)
	at org.eclipse.jetty.server.HttpChannel.handle(HttpChannel.java:310)
	at org.eclipse.jetty.server.HttpConnection.onFillable(HttpConnection.java:257)
	at org.eclipse.jetty.io.AbstractConnection$2.run(AbstractConnection.java:540)
	at org.eclipse.jetty.util.thread.QueuedThreadPool.runJob(QueuedThreadPool.java:635)
	at org.eclipse.jetty.util.thread.QueuedThreadPool$3.run(QueuedThreadPool.java:555)
	at java.lang.Thread.run(Thread.java:745)
Caused by: org.hibernate.exception.SQLGrammarException: could not execute statement
	at org.hibernate.exception.internal.SQLExceptionTypeDelegate.convert(SQLExceptionTypeDelegate.java:80)
	at org.hibernate.exception.internal.StandardSQLExceptionConverter.convert(StandardSQLExceptionConverter.java:49)
	at org.hibernate.engine.jdbc.spi.SqlExceptionHelper.convert(SqlExceptionHelper.java:126)
	at org.hibernate.engine.jdbc.spi.SqlExceptionHelper.convert(SqlExceptionHelper.java:112)
	at org.hibernate.engine.jdbc.internal.ResultSetReturnImpl.executeUpdate(ResultSetReturnImpl.java:211)
	at org.hibernate.engine.query.spi.NativeSQLQueryPlan.performExecuteUpdate(NativeSQLQueryPlan.java:211)
	at org.hibernate.internal.SessionImpl.executeNativeUpdate(SessionImpl.java:1346)
	at org.hibernate.internal.SQLQueryImpl.executeUpdate(SQLQueryImpl.java:389)
	at org.hibernate.jpa.internal.QueryImpl.internalExecuteUpdate(QueryImpl.java:371)
	at org.hibernate.jpa.spi.AbstractQueryImpl.executeUpdate(AbstractQueryImpl.java:78)
	... 51 more
Caused by: com.mysql.jdbc.exceptions.jdbc4.MySQLSyntaxErrorException: Unknown column 'id' in 'where clause'
	at sun.reflect.NativeConstructorAccessorImpl.newInstance0(Native Method)
	at sun.reflect.NativeConstructorAccessorImpl.newInstance(NativeConstructorAccessorImpl.java:62)
	at sun.reflect.DelegatingConstructorAccessorImpl.newInstance(DelegatingConstructorAccessorImpl.java:45)
	at java.lang.reflect.Constructor.newInstance(Constructor.java:423)
	at com.mysql.jdbc.Util.handleNewInstance(Util.java:389)
	at com.mysql.jdbc.Util.getInstance(Util.java:372)
	at com.mysql.jdbc.SQLError.createSQLException(SQLError.java:980)
	at com.mysql.jdbc.MysqlIO.checkErrorPacket(MysqlIO.java:3835)
	at com.mysql.jdbc.MysqlIO.checkErrorPacket(MysqlIO.java:3771)
	at com.mysql.jdbc.MysqlIO.sendCommand(MysqlIO.java:2435)
	at com.mysql.jdbc.MysqlIO.sqlQueryDirect(MysqlIO.java:2582)
	at com.mysql.jdbc.ConnectionImpl.execSQL(ConnectionImpl.java:2535)
	at com.mysql.jdbc.PreparedStatement.executeInternal(PreparedStatement.java:1911)
	at com.mysql.jdbc.PreparedStatement.executeUpdate(PreparedStatement.java:2145)
	at com.mysql.jdbc.PreparedStatement.executeUpdate(PreparedStatement.java:2081)
	at com.mysql.jdbc.PreparedStatement.executeUpdate(PreparedStatement.java:2066)
	at com.mchange.v2.c3p0.impl.NewProxyPreparedStatement.executeUpdate(NewProxyPreparedStatement.java:147)
	at org.hibernate.engine.jdbc.internal.ResultSetReturnImpl.executeUpdate(ResultSetReturnImpl.java:208)
	... 56 more
2017-02-21 20:42:19.453 [qtp169833205-21] ERROR eudcApi.rest.errorhandling.GenericExceptionMapper  - Handling error
javax.persistence.PersistenceException: org.hibernate.exception.SQLGrammarException: could not execute statement
	at org.hibernate.jpa.spi.AbstractEntityManagerImpl.convert(AbstractEntityManagerImpl.java:1763)
	at org.hibernate.jpa.spi.AbstractEntityManagerImpl.convert(AbstractEntityManagerImpl.java:1677)
	at org.hibernate.jpa.spi.AbstractEntityManagerImpl.throwPersistenceException(AbstractEntityManagerImpl.java:1771)
	at org.hibernate.jpa.spi.AbstractQueryImpl.executeUpdate(AbstractQueryImpl.java:87)
	at eudcApi.dao.TimerCardDAO.deleteUsersTimerCard(TimerCardDAO.java:64)
	at eudcApi.service.TimerCardService.deleteUsersTimerCard(TimerCardService.java:38)
	at eudcApi.rest.TimerCardResource.deleteUsersCard(TimerCardResource.java:72)
	at sun.reflect.NativeMethodAccessorImpl.invoke0(Native Method)
	at sun.reflect.NativeMethodAccessorImpl.invoke(NativeMethodAccessorImpl.java:62)
	at sun.reflect.DelegatingMethodAccessorImpl.invoke(DelegatingMethodAccessorImpl.java:43)
	at java.lang.reflect.Method.invoke(Method.java:498)
	at org.glassfish.jersey.server.model.internal.ResourceMethodInvocationHandlerFactory$1.invoke(ResourceMethodInvocationHandlerFactory.java:81)
	at org.glassfish.jersey.server.model.internal.AbstractJavaResourceMethodDispatcher$1.run(AbstractJavaResourceMethodDispatcher.java:144)
	at org.glassfish.jersey.server.model.internal.AbstractJavaResourceMethodDispatcher.invoke(AbstractJavaResourceMethodDispatcher.java:161)
	at org.glassfish.jersey.server.model.internal.JavaResourceMethodDispatcherProvider$VoidOutInvoker.doDispatch(JavaResourceMethodDispatcherProvider.java:143)
	at org.glassfish.jersey.server.model.internal.AbstractJavaResourceMethodDispatcher.dispatch(AbstractJavaResourceMethodDispatcher.java:99)
	at org.glassfish.jersey.server.model.ResourceMethodInvoker.invoke(ResourceMethodInvoker.java:389)
	at org.glassfish.jersey.server.model.ResourceMethodInvoker.apply(ResourceMethodInvoker.java:347)
	at org.glassfish.jersey.server.model.ResourceMethodInvoker.apply(ResourceMethodInvoker.java:102)
	at org.glassfish.jersey.server.ServerRuntime$2.run(ServerRuntime.java:326)
	at org.glassfish.jersey.internal.Errors$1.call(Errors.java:271)
	at org.glassfish.jersey.internal.Errors$1.call(Errors.java:267)
	at org.glassfish.jersey.internal.Errors.process(Errors.java:315)
	at org.glassfish.jersey.internal.Errors.process(Errors.java:297)
	at org.glassfish.jersey.internal.Errors.process(Errors.java:267)
	at org.glassfish.jersey.process.internal.RequestScope.runInScope(RequestScope.java:317)
	at org.glassfish.jersey.server.ServerRuntime.process(ServerRuntime.java:305)
	at org.glassfish.jersey.server.ApplicationHandler.handle(ApplicationHandler.java:1154)
	at org.glassfish.jersey.servlet.WebComponent.serviceImpl(WebComponent.java:473)
	at org.glassfish.jersey.servlet.WebComponent.service(WebComponent.java:427)
	at org.glassfish.jersey.servlet.ServletContainer.service(ServletContainer.java:388)
	at org.glassfish.jersey.servlet.ServletContainer.service(ServletContainer.java:341)
	at org.glassfish.jersey.servlet.ServletContainer.service(ServletContainer.java:228)
	at org.eclipse.jetty.servlet.ServletHolder.handle(ServletHolder.java:808)
	at org.eclipse.jetty.servlet.ServletHandler$CachedChain.doFilter(ServletHandler.java:1669)
	at com.google.inject.servlet.FilterChainInvocation.doFilter(FilterChainInvocation.java:89)
	at com.google.inject.servlet.ManagedFilterPipeline.dispatch(ManagedFilterPipeline.java:119)
	at com.google.inject.servlet.GuiceFilter$1.call(GuiceFilter.java:133)
	at com.google.inject.servlet.GuiceFilter$1.call(GuiceFilter.java:130)
	at com.google.inject.servlet.GuiceFilter$Context.call(GuiceFilter.java:203)
	at com.google.inject.servlet.GuiceFilter.doFilter(GuiceFilter.java:130)
	at org.eclipse.jetty.servlet.ServletHandler$CachedChain.doFilter(ServletHandler.java:1652)
	at org.eclipse.jetty.servlet.ServletHandler.doHandle(ServletHandler.java:585)
	at org.eclipse.jetty.server.handler.ContextHandler.doHandle(ContextHandler.java:1127)
	at org.eclipse.jetty.servlet.ServletHandler.doScope(ServletHandler.java:515)
	at org.eclipse.jetty.server.handler.ContextHandler.doScope(ContextHandler.java:1061)
	at org.eclipse.jetty.server.handler.ScopedHandler.handle(ScopedHandler.java:141)
	at org.eclipse.jetty.server.handler.HandlerWrapper.handle(HandlerWrapper.java:97)
	at org.eclipse.jetty.server.Server.handle(Server.java:497)
	at org.eclipse.jetty.server.HttpChannel.handle(HttpChannel.java:310)
	at org.eclipse.jetty.server.HttpConnection.onFillable(HttpConnection.java:257)
	at org.eclipse.jetty.io.AbstractConnection$2.run(AbstractConnection.java:540)
	at org.eclipse.jetty.util.thread.QueuedThreadPool.runJob(QueuedThreadPool.java:635)
	at org.eclipse.jetty.util.thread.QueuedThreadPool$3.run(QueuedThreadPool.java:555)
	at java.lang.Thread.run(Thread.java:745)
Caused by: org.hibernate.exception.SQLGrammarException: could not execute statement
	at org.hibernate.exception.internal.SQLExceptionTypeDelegate.convert(SQLExceptionTypeDelegate.java:80)
	at org.hibernate.exception.internal.StandardSQLExceptionConverter.convert(StandardSQLExceptionConverter.java:49)
	at org.hibernate.engine.jdbc.spi.SqlExceptionHelper.convert(SqlExceptionHelper.java:126)
	at org.hibernate.engine.jdbc.spi.SqlExceptionHelper.convert(SqlExceptionHelper.java:112)
	at org.hibernate.engine.jdbc.internal.ResultSetReturnImpl.executeUpdate(ResultSetReturnImpl.java:211)
	at org.hibernate.engine.query.spi.NativeSQLQueryPlan.performExecuteUpdate(NativeSQLQueryPlan.java:211)
	at org.hibernate.internal.SessionImpl.executeNativeUpdate(SessionImpl.java:1346)
	at org.hibernate.internal.SQLQueryImpl.executeUpdate(SQLQueryImpl.java:389)
	at org.hibernate.jpa.internal.QueryImpl.internalExecuteUpdate(QueryImpl.java:371)
	at org.hibernate.jpa.spi.AbstractQueryImpl.executeUpdate(AbstractQueryImpl.java:78)
	... 51 more
Caused by: com.mysql.jdbc.exceptions.jdbc4.MySQLSyntaxErrorException: Unknown column 'id' in 'where clause'
	at sun.reflect.NativeConstructorAccessorImpl.newInstance0(Native Method)
	at sun.reflect.NativeConstructorAccessorImpl.newInstance(NativeConstructorAccessorImpl.java:62)
	at sun.reflect.DelegatingConstructorAccessorImpl.newInstance(DelegatingConstructorAccessorImpl.java:45)
	at java.lang.reflect.Constructor.newInstance(Constructor.java:423)
	at com.mysql.jdbc.Util.handleNewInstance(Util.java:389)
	at com.mysql.jdbc.Util.getInstance(Util.java:372)
	at com.mysql.jdbc.SQLError.createSQLException(SQLError.java:980)
	at com.mysql.jdbc.MysqlIO.checkErrorPacket(MysqlIO.java:3835)
	at com.mysql.jdbc.MysqlIO.checkErrorPacket(MysqlIO.java:3771)
	at com.mysql.jdbc.MysqlIO.sendCommand(MysqlIO.java:2435)
	at com.mysql.jdbc.MysqlIO.sqlQueryDirect(MysqlIO.java:2582)
	at com.mysql.jdbc.ConnectionImpl.execSQL(ConnectionImpl.java:2535)
	at com.mysql.jdbc.PreparedStatement.executeInternal(PreparedStatement.java:1911)
	at com.mysql.jdbc.PreparedStatement.executeUpdate(PreparedStatement.java:2145)
	at com.mysql.jdbc.PreparedStatement.executeUpdate(PreparedStatement.java:2081)
	at com.mysql.jdbc.PreparedStatement.executeUpdate(PreparedStatement.java:2066)
	at com.mchange.v2.c3p0.impl.NewProxyPreparedStatement.executeUpdate(NewProxyPreparedStatement.java:147)
	at org.hibernate.engine.jdbc.internal.ResultSetReturnImpl.executeUpdate(ResultSetReturnImpl.java:208)
	... 56 more
2017-02-21 20:53:47.319 [shutdown-hook] INFO  eudcApi.ApplicationLauncher  - Stopping server...
2017-02-21 20:53:47.329 [shutdown-hook] INFO  org.eclipse.jetty.server.ServerConnector  - Stopped ServerConnector@3eaae0c4{HTTP/1.1}{0.0.0.0:7070}
2017-02-21 20:53:47.347 [shutdown-hook] INFO  org.eclipse.jetty.server.handler.ContextHandler  - Stopped o.e.j.s.ServletContextHandler@15cea7b0{/,null,UNAVAILABLE}
2017-02-21 20:53:54.017 [main] INFO  eudcApi.guice.GuiceInjector  - Loading modules annotated with @Module...
2017-02-21 20:53:55.129 [main] INFO  org.reflections.Reflections  - Reflections took 642 ms to scan 1 urls, producing 23 keys and 56 values 
2017-02-21 20:53:55.276 [main] INFO  eudcApi.guice.GuiceInjector  - 3 modules loaded.
2017-02-21 20:53:56.462 [main] INFO  eudcApi.guice.provider.ConfigurationProvider  - No custom configuration file set.
2017-02-21 20:53:56.586 [main] INFO  eudcApi.guice.provider.ConfigurationProvider  - Default configuration loaded from [file:/home/mart/eudcApi/target/classes/default.properties]
2017-02-21 20:53:56.617 [main] INFO  eudcApi.ApplicationManager  - Application is not running.
2017-02-21 20:53:56.618 [main] INFO  eudcApi.ApplicationLauncher  - Starting application server on port [7070]
2017-02-21 20:53:56.629 [main] INFO  eudcApi.server.EmbeddedJetty  - Starting jetty on port 7070
2017-02-21 20:53:56.718 [main] INFO  org.eclipse.jetty.util.log  - Logging initialized @4171ms
2017-02-21 20:53:57.234 [main] INFO  org.eclipse.jetty.server.Server  - jetty-9.2.10.v20150310
2017-02-21 20:54:02.918 [main] INFO  org.eclipse.jetty.server.handler.ContextHandler  - Started o.e.j.s.ServletContextHandler@17d2ed1b{/,null,AVAILABLE}
2017-02-21 20:54:03.008 [main] INFO  org.eclipse.jetty.server.ServerConnector  - Started ServerConnector@4b80d950{HTTP/1.1}{0.0.0.0:7070}
2017-02-21 20:54:03.010 [main] INFO  org.eclipse.jetty.server.Server  - Started @10476ms
2017-02-21 20:54:03.114 [command-listener] INFO  eudcApi.ApplicationManager  - Command listener started on port [9999]
2017-02-21 20:54:12.782 [qtp169833205-18] INFO  eudcApi.guice.provider.EntityManagerFactoryProvider  - Initializing EntityManagerFactory properties [{hibernate.connection.driver_class=com.mysql.jdbc.Driver, hibernate.hbm2ddl.auto=validate, hibernate.c3p0.initialpoolsize=5, hibernate.c3p0.max_size=100, hibernate.c3p0.max_statements=50, hibernate.c3p0.idle_test_period=400, hibernate.c3p0.preferredTestQuery=SELECT 1, hibernate.dialect=org.hibernate.dialect.MySQLDialect, hibernate.c3p0.min_size=5, hibernate.connection.password=root, hibernate.connection.username=root, hibernate.connection.url=jdbc:mysql://127.0.0.1/eudcApi, hibernate.c3p0.timeout=300, hibernate.c3p0.testConnectionOnCheckin=true, hibernate.show_sql=false, hibernate.c3p0.acquire_increment=1}]
2017-02-21 20:54:15.991 [qtp169833205-18] INFO  com.mchange.v2.log.MLog  - MLog clients using log4j logging.
2017-02-21 20:54:16.522 [qtp169833205-18] INFO  com.mchange.v2.c3p0.C3P0Registry  - Initializing c3p0-0.9.2.1 [built 20-March-2013 10:47:27 +0000; debug? true; trace: 10]
2017-02-21 20:54:16.850 [qtp169833205-18] INFO  com.mchange.v2.c3p0.impl.AbstractPoolBackedDataSource  - Initializing c3p0 pool... com.mchange.v2.c3p0.PoolBackedDataSource@af5299e4 [ connectionPoolDataSource -> com.mchange.v2.c3p0.WrapperConnectionPoolDataSource@94bc2fae [ acquireIncrement -> 1, acquireRetryAttempts -> 30, acquireRetryDelay -> 1000, autoCommitOnClose -> false, automaticTestTable -> null, breakAfterAcquireFailure -> false, checkoutTimeout -> 0, connectionCustomizerClassName -> null, connectionTesterClassName -> com.mchange.v2.c3p0.impl.DefaultConnectionTester, debugUnreturnedConnectionStackTraces -> false, factoryClassLocation -> null, forceIgnoreUnresolvedTransactions -> false, identityToken -> z8kfsx9mr74vn81fdgpud|c402848, idleConnectionTestPeriod -> 400, initialPoolSize -> 5, maxAdministrativeTaskTime -> 0, maxConnectionAge -> 0, maxIdleTime -> 300, maxIdleTimeExcessConnections -> 0, maxPoolSize -> 100, maxStatements -> 50, maxStatementsPerConnection -> 0, minPoolSize -> 5, nestedDataSource -> com.mchange.v2.c3p0.DriverManagerDataSource@f9062270 [ description -> null, driverClass -> null, factoryClassLocation -> null, identityToken -> z8kfsx9mr74vn81fdgpud|a775627, jdbcUrl -> jdbc:mysql://127.0.0.1/eudcApi, properties -> {user=******, password=******} ], preferredTestQuery -> SELECT 1, propertyCycle -> 0, statementCacheNumDeferredCloseThreads -> 0, testConnectionOnCheckin -> true, testConnectionOnCheckout -> false, unreturnedConnectionTimeout -> 0, usesTraditionalReflectiveProxies -> false; userOverrides: {} ], dataSourceName -> null, factoryClassLocation -> null, identityToken -> z8kfsx9mr74vn81fdgpud|330a7191, numHelperThreads -> 3 ]
2017-02-21 20:54:52.015 [qtp169833205-19] WARN  eudcApi.rest.TimerCardResource  - 1
2017-02-21 20:54:52.629 [qtp169833205-21] WARN  eudcApi.rest.TimerCardResource  - 1
2017-02-21 20:54:53.045 [qtp169833205-22] WARN  eudcApi.rest.TimerCardResource  - 1
2017-02-21 20:54:53.644 [qtp169833205-18] WARN  eudcApi.rest.TimerCardResource  - 1
2017-02-21 20:54:54.079 [qtp169833205-19] WARN  eudcApi.rest.TimerCardResource  - 1
2017-02-21 20:54:54.407 [qtp169833205-18] WARN  eudcApi.rest.TimerCardResource  - 1
2017-02-21 20:54:54.719 [qtp169833205-22] WARN  eudcApi.rest.TimerCardResource  - 1
2017-02-21 20:54:55.149 [qtp169833205-21] WARN  eudcApi.rest.TimerCardResource  - 1
2017-02-21 21:17:38.225 [shutdown-hook] INFO  eudcApi.ApplicationLauncher  - Stopping server...
2017-02-21 21:17:38.240 [shutdown-hook] INFO  org.eclipse.jetty.server.ServerConnector  - Stopped ServerConnector@4b80d950{HTTP/1.1}{0.0.0.0:7070}
2017-02-21 21:17:38.258 [shutdown-hook] INFO  org.eclipse.jetty.server.handler.ContextHandler  - Stopped o.e.j.s.ServletContextHandler@17d2ed1b{/,null,UNAVAILABLE}
