2016-10-25 18:49:19.997 [qtp1822525972-21] WARN  org.hibernate.ejb.HibernatePersistence  - HHH015016: Encountered a deprecated javax.persistence.spi.PersistenceProvider [org.hibernate.ejb.HibernatePersistence]; use [org.hibernate.jpa.HibernatePersistenceProvider] instead.
2016-10-25 18:49:19.999 [qtp1822525972-21] WARN  org.hibernate.ejb.HibernatePersistence  - HHH015016: Encountered a deprecated javax.persistence.spi.PersistenceProvider [org.hibernate.ejb.HibernatePersistence]; use [org.hibernate.jpa.HibernatePersistenceProvider] instead.
2016-10-25 18:49:20.000 [qtp1822525972-21] WARN  org.hibernate.ejb.HibernatePersistence  - HHH015016: Encountered a deprecated javax.persistence.spi.PersistenceProvider [org.hibernate.ejb.HibernatePersistence]; use [org.hibernate.jpa.HibernatePersistenceProvider] instead.
2016-10-25 18:49:20.532 [qtp1822525972-21] INFO  org.hibernate.jpa.internal.util.LogHelper  - HHH000204: Processing PersistenceUnitInfo [
	name: EudcApi
	...]
2016-10-25 18:49:21.004 [qtp1822525972-21] INFO  org.hibernate.Version  - HHH000412: Hibernate Core {4.3.10.Final}
2016-10-25 18:49:21.011 [qtp1822525972-21] INFO  org.hibernate.cfg.Environment  - HHH000206: hibernate.properties not found
2016-10-25 18:49:21.017 [qtp1822525972-21] INFO  org.hibernate.cfg.Environment  - HHH000021: Bytecode provider name : javassist
2016-10-25 18:49:21.525 [qtp1822525972-21] INFO  org.hibernate.annotations.common.Version  - HCANN000001: Hibernate Commons Annotations {4.0.5.Final}
2016-10-25 18:49:21.630 [qtp1822525972-21] INFO  org.hibernate.c3p0.internal.C3P0ConnectionProvider  - HHH010002: C3P0 using driver: com.mysql.jdbc.Driver at URL: jdbc:mysql://127.0.0.1/eudcApi
2016-10-25 18:49:21.631 [qtp1822525972-21] INFO  org.hibernate.c3p0.internal.C3P0ConnectionProvider  - HHH000046: Connection properties: {user=root, password=****}
2016-10-25 18:49:21.631 [qtp1822525972-21] INFO  org.hibernate.c3p0.internal.C3P0ConnectionProvider  - HHH000006: Autocommit mode: false
2016-10-25 18:49:24.056 [qtp1822525972-21] INFO  org.hibernate.dialect.Dialect  - HHH000400: Using dialect: org.hibernate.dialect.MySQLDialect
2016-10-25 18:49:24.109 [qtp1822525972-21] INFO  org.hibernate.engine.jdbc.internal.LobCreatorBuilder  - HHH000424: Disabling contextual LOB creation as createClob() method threw error : java.lang.reflect.InvocationTargetException
2016-10-25 18:49:24.877 [qtp1822525972-21] INFO  org.hibernate.hql.internal.ast.ASTQueryTranslatorFactory  - HHH000397: Using ASTQueryTranslatorFactory
2016-10-25 18:49:26.435 [qtp1822525972-21] INFO  org.hibernate.tool.hbm2ddl.SchemaValidator  - HHH000229: Running schema validator
2016-10-25 18:49:26.436 [qtp1822525972-21] INFO  org.hibernate.tool.hbm2ddl.SchemaValidator  - HHH000102: Fetching database metadata
2016-10-25 18:49:26.491 [qtp1822525972-21] INFO  org.hibernate.tool.hbm2ddl.TableMetadata  - HHH000261: Table found: eudcApi.AuthenticatedUser
2016-10-25 18:49:26.491 [qtp1822525972-21] INFO  org.hibernate.tool.hbm2ddl.TableMetadata  - HHH000037: Columns: [user_id, id, token]
2016-10-25 18:49:26.503 [qtp1822525972-21] INFO  org.hibernate.tool.hbm2ddl.TableMetadata  - HHH000261: Table found: eudcApi.Card
2016-10-25 18:49:26.504 [qtp1822525972-21] INFO  org.hibernate.tool.hbm2ddl.TableMetadata  - HHH000037: Columns: [pinned, created, description, id, title]
2016-10-25 18:49:26.514 [qtp1822525972-21] INFO  org.hibernate.tool.hbm2ddl.TableMetadata  - HHH000261: Table found: eudcApi.Card_User
2016-10-25 18:49:26.514 [qtp1822525972-21] INFO  org.hibernate.tool.hbm2ddl.TableMetadata  - HHH000037: Columns: [user, card]
2016-10-25 18:49:26.525 [qtp1822525972-21] INFO  org.hibernate.tool.hbm2ddl.TableMetadata  - HHH000261: Table found: eudcApi.Event
2016-10-25 18:49:26.526 [qtp1822525972-21] INFO  org.hibernate.tool.hbm2ddl.TableMetadata  - HHH000037: Columns: [description, endtime, id, starttime, title]
2016-10-25 18:49:26.537 [qtp1822525972-21] INFO  org.hibernate.tool.hbm2ddl.TableMetadata  - HHH000261: Table found: eudcApi.Location
2016-10-25 18:49:26.538 [qtp1822525972-21] INFO  org.hibernate.tool.hbm2ddl.TableMetadata  - HHH000037: Columns: [lng, created, name, id, lat]
2016-10-25 18:49:26.549 [qtp1822525972-21] INFO  org.hibernate.tool.hbm2ddl.TableMetadata  - HHH000261: Table found: eudcApi.TimerCard
2016-10-25 18:49:26.549 [qtp1822525972-21] INFO  org.hibernate.tool.hbm2ddl.TableMetadata  - HHH000037: Columns: [enddate, created, description, id, title]
2016-10-25 18:49:26.559 [qtp1822525972-21] INFO  org.hibernate.tool.hbm2ddl.TableMetadata  - HHH000261: Table found: eudcApi.TimerCard_User
2016-10-25 18:49:26.559 [qtp1822525972-21] INFO  org.hibernate.tool.hbm2ddl.TableMetadata  - HHH000037: Columns: [timercard, user]
2016-10-25 18:49:26.569 [qtp1822525972-21] INFO  org.hibernate.tool.hbm2ddl.TableMetadata  - HHH000261: Table found: eudcApi.User
2016-10-25 18:49:26.569 [qtp1822525972-21] INFO  org.hibernate.tool.hbm2ddl.TableMetadata  - HHH000037: Columns: [password, role, created, id, email]
2016-10-25 18:49:28.242 [qtp1822525972-17] DEBUG org.hibernate.SQL  - select authentica0_.id as id1_0_, authentica0_.token as token2_0_, authentica0_.user_id as user_id3_0_ from AuthenticatedUser authentica0_ where authentica0_.token=?
2016-10-25 18:49:28.298 [qtp1822525972-17] TRACE org.hibernate.type.descriptor.sql.BasicBinder  - binding parameter [1] as [VARCHAR] - [1ak4pecbtma0fdtfbsun63ernj]
2016-10-25 18:49:28.924 [qtp1822525972-17] DEBUG org.hibernate.SQL  - select user0_.id as id1_7_, user0_.created as created2_7_, user0_.email as email3_7_, user0_.password as password4_7_, user0_.role as role5_7_ from User user0_ where user0_.email=?
2016-10-25 18:49:28.926 [qtp1822525972-17] TRACE org.hibernate.type.descriptor.sql.BasicBinder  - binding parameter [1] as [VARCHAR] - [admin@admin.kz]
2016-10-25 18:49:29.490 [qtp1822525972-17] DEBUG org.hibernate.SQL  - insert into AuthenticatedUser (token, user_id) values (?, ?)
2016-10-25 18:49:29.492 [qtp1822525972-17] TRACE org.hibernate.type.descriptor.sql.BasicBinder  - binding parameter [1] as [VARCHAR] - [15eg3e7vpeur99qbto71qgd0hl]
2016-10-25 18:49:29.494 [qtp1822525972-17] TRACE org.hibernate.type.descriptor.sql.BasicBinder  - binding parameter [2] as [BIGINT] - [1]
2016-10-25 18:49:30.579 [qtp1822525972-21] DEBUG org.hibernate.SQL  - select authentica0_.id as id1_0_, authentica0_.token as token2_0_, authentica0_.user_id as user_id3_0_ from AuthenticatedUser authentica0_ where authentica0_.token=?
2016-10-25 18:49:30.581 [qtp1822525972-21] TRACE org.hibernate.type.descriptor.sql.BasicBinder  - binding parameter [1] as [VARCHAR] - [15eg3e7vpeur99qbto71qgd0hl]
2016-10-25 18:49:30.585 [qtp1822525972-21] DEBUG org.hibernate.SQL  - select user0_.id as id1_7_0_, user0_.created as created2_7_0_, user0_.email as email3_7_0_, user0_.password as password4_7_0_, user0_.role as role5_7_0_ from User user0_ where user0_.id=?
2016-10-25 18:49:30.587 [qtp1822525972-21] TRACE org.hibernate.type.descriptor.sql.BasicBinder  - binding parameter [1] as [BIGINT] - [1]
2016-10-25 18:49:30.591 [qtp1822525972-22] DEBUG org.hibernate.SQL  - select authentica0_.id as id1_0_, authentica0_.token as token2_0_, authentica0_.user_id as user_id3_0_ from AuthenticatedUser authentica0_ where authentica0_.token=?
2016-10-25 18:49:30.593 [qtp1822525972-22] TRACE org.hibernate.type.descriptor.sql.BasicBinder  - binding parameter [1] as [VARCHAR] - [15eg3e7vpeur99qbto71qgd0hl]
2016-10-25 18:49:30.596 [qtp1822525972-22] DEBUG org.hibernate.SQL  - select user0_.id as id1_7_0_, user0_.created as created2_7_0_, user0_.email as email3_7_0_, user0_.password as password4_7_0_, user0_.role as role5_7_0_ from User user0_ where user0_.id=?
2016-10-25 18:49:30.598 [qtp1822525972-22] TRACE org.hibernate.type.descriptor.sql.BasicBinder  - binding parameter [1] as [BIGINT] - [1]
2016-10-25 18:49:30.642 [qtp1822525972-21] DEBUG org.hibernate.SQL  - select card0_.id as id1_1_0_, user2_.id as id1_7_1_, card0_.created as created2_1_0_, card0_.description as descript3_1_0_, card0_.pinned as pinned4_1_0_, card0_.title as title5_1_0_, user2_.created as created2_7_1_, user2_.email as email3_7_1_, user2_.password as password4_7_1_, user2_.role as role5_7_1_, users1_.card as card1_1_0__, users1_.user as user2_2_0__ from Card card0_ left outer join Card_User users1_ on card0_.id=users1_.card left outer join User user2_ on users1_.user=user2_.id where user2_.id=?
2016-10-25 18:49:30.643 [qtp1822525972-22] DEBUG org.hibernate.SQL  - select timercard0_.id as id1_5_0_, user2_.id as id1_7_1_, timercard0_.created as created2_5_0_, timercard0_.description as descript3_5_0_, timercard0_.endDate as endDate4_5_0_, timercard0_.title as title5_5_0_, user2_.created as created2_7_1_, user2_.email as email3_7_1_, user2_.password as password4_7_1_, user2_.role as role5_7_1_, users1_.timercard as timercar1_5_0__, users1_.user as user2_6_0__ from TimerCard timercard0_ left outer join TimerCard_User users1_ on timercard0_.id=users1_.timercard left outer join User user2_ on users1_.user=user2_.id where user2_.id=?
2016-10-25 18:49:30.644 [qtp1822525972-21] TRACE org.hibernate.type.descriptor.sql.BasicBinder  - binding parameter [1] as [BIGINT] - [1]
2016-10-25 18:49:30.645 [qtp1822525972-22] TRACE org.hibernate.type.descriptor.sql.BasicBinder  - binding parameter [1] as [BIGINT] - [1]
2016-10-25 18:49:32.473 [qtp1822525972-15] DEBUG org.hibernate.SQL  - select authentica0_.id as id1_0_, authentica0_.token as token2_0_, authentica0_.user_id as user_id3_0_ from AuthenticatedUser authentica0_ where authentica0_.token=?
2016-10-25 18:49:32.475 [qtp1822525972-15] TRACE org.hibernate.type.descriptor.sql.BasicBinder  - binding parameter [1] as [VARCHAR] - [15eg3e7vpeur99qbto71qgd0hl]
2016-10-25 18:49:32.477 [qtp1822525972-15] DEBUG org.hibernate.SQL  - select user0_.id as id1_7_0_, user0_.created as created2_7_0_, user0_.email as email3_7_0_, user0_.password as password4_7_0_, user0_.role as role5_7_0_ from User user0_ where user0_.id=?
2016-10-25 18:49:32.478 [qtp1822525972-15] TRACE org.hibernate.type.descriptor.sql.BasicBinder  - binding parameter [1] as [BIGINT] - [1]
2016-10-25 18:49:32.526 [qtp1822525972-15] DEBUG org.hibernate.SQL  - DELETE FROM TimerCard_User WHERE user = ? AND timercard = ?
2016-10-25 18:49:32.528 [qtp1822525972-15] TRACE org.hibernate.type.descriptor.sql.BasicBinder  - binding parameter [2] as [BIGINT] - [1]
2016-10-25 18:49:32.529 [qtp1822525972-15] TRACE org.hibernate.type.descriptor.sql.BasicBinder  - binding parameter [1] as [BIGINT] - [1]
2016-10-25 18:49:36.353 [qtp1822525972-22] DEBUG org.hibernate.SQL  - select authentica0_.id as id1_0_, authentica0_.token as token2_0_, authentica0_.user_id as user_id3_0_ from AuthenticatedUser authentica0_ where authentica0_.token=?
2016-10-25 18:49:36.357 [qtp1822525972-22] TRACE org.hibernate.type.descriptor.sql.BasicBinder  - binding parameter [1] as [VARCHAR] - [15eg3e7vpeur99qbto71qgd0hl]
2016-10-25 18:49:36.363 [qtp1822525972-22] DEBUG org.hibernate.SQL  - select user0_.id as id1_7_0_, user0_.created as created2_7_0_, user0_.email as email3_7_0_, user0_.password as password4_7_0_, user0_.role as role5_7_0_ from User user0_ where user0_.id=?
2016-10-25 18:49:36.363 [qtp1822525972-22] TRACE org.hibernate.type.descriptor.sql.BasicBinder  - binding parameter [1] as [BIGINT] - [1]
2016-10-25 18:49:36.381 [qtp1822525972-22] DEBUG org.hibernate.SQL  - select event0_.id as id1_3_, event0_.description as descript2_3_, event0_.endTime as endTime3_3_, event0_.startTime as startTim4_3_, event0_.title as title5_3_ from Event event0_ order by event0_.startTime DESC
2016-10-25 18:51:00.584 [qtp1822525972-15] DEBUG org.hibernate.SQL  - select authentica0_.id as id1_0_, authentica0_.token as token2_0_, authentica0_.user_id as user_id3_0_ from AuthenticatedUser authentica0_ where authentica0_.token=?
2016-10-25 18:51:00.585 [qtp1822525972-15] TRACE org.hibernate.type.descriptor.sql.BasicBinder  - binding parameter [1] as [VARCHAR] - [15eg3e7vpeur99qbto71qgd0hl]
2016-10-25 18:51:00.587 [qtp1822525972-15] DEBUG org.hibernate.SQL  - select user0_.id as id1_7_0_, user0_.created as created2_7_0_, user0_.email as email3_7_0_, user0_.password as password4_7_0_, user0_.role as role5_7_0_ from User user0_ where user0_.id=?
2016-10-25 18:51:00.588 [qtp1822525972-15] TRACE org.hibernate.type.descriptor.sql.BasicBinder  - binding parameter [1] as [BIGINT] - [1]
2016-10-25 18:51:00.604 [qtp1822525972-15] DEBUG org.hibernate.SQL  - select timercard0_.id as id1_5_0_, user2_.id as id1_7_1_, timercard0_.created as created2_5_0_, timercard0_.description as descript3_5_0_, timercard0_.endDate as endDate4_5_0_, timercard0_.title as title5_5_0_, user2_.created as created2_7_1_, user2_.email as email3_7_1_, user2_.password as password4_7_1_, user2_.role as role5_7_1_, users1_.timercard as timercar1_5_0__, users1_.user as user2_6_0__ from TimerCard timercard0_ left outer join TimerCard_User users1_ on timercard0_.id=users1_.timercard left outer join User user2_ on users1_.user=user2_.id where user2_.id=?
2016-10-25 18:51:00.606 [qtp1822525972-15] TRACE org.hibernate.type.descriptor.sql.BasicBinder  - binding parameter [1] as [BIGINT] - [1]
2016-10-25 18:51:00.618 [qtp1822525972-19] DEBUG org.hibernate.SQL  - select authentica0_.id as id1_0_, authentica0_.token as token2_0_, authentica0_.user_id as user_id3_0_ from AuthenticatedUser authentica0_ where authentica0_.token=?
2016-10-25 18:51:00.621 [qtp1822525972-19] TRACE org.hibernate.type.descriptor.sql.BasicBinder  - binding parameter [1] as [VARCHAR] - [15eg3e7vpeur99qbto71qgd0hl]
2016-10-25 18:51:00.628 [qtp1822525972-19] DEBUG org.hibernate.SQL  - select user0_.id as id1_7_0_, user0_.created as created2_7_0_, user0_.email as email3_7_0_, user0_.password as password4_7_0_, user0_.role as role5_7_0_ from User user0_ where user0_.id=?
2016-10-25 18:51:00.629 [qtp1822525972-19] TRACE org.hibernate.type.descriptor.sql.BasicBinder  - binding parameter [1] as [BIGINT] - [1]
2016-10-25 18:51:00.635 [qtp1822525972-19] DEBUG org.hibernate.SQL  - select card0_.id as id1_1_0_, user2_.id as id1_7_1_, card0_.created as created2_1_0_, card0_.description as descript3_1_0_, card0_.pinned as pinned4_1_0_, card0_.title as title5_1_0_, user2_.created as created2_7_1_, user2_.email as email3_7_1_, user2_.password as password4_7_1_, user2_.role as role5_7_1_, users1_.card as card1_1_0__, users1_.user as user2_2_0__ from Card card0_ left outer join Card_User users1_ on card0_.id=users1_.card left outer join User user2_ on users1_.user=user2_.id where user2_.id=?
2016-10-25 18:51:00.639 [qtp1822525972-19] TRACE org.hibernate.type.descriptor.sql.BasicBinder  - binding parameter [1] as [BIGINT] - [1]
2016-10-25 18:52:30.634 [qtp1822525972-17] DEBUG org.hibernate.SQL  - select authentica0_.id as id1_0_, authentica0_.token as token2_0_, authentica0_.user_id as user_id3_0_ from AuthenticatedUser authentica0_ where authentica0_.token=?
2016-10-25 18:52:30.636 [qtp1822525972-17] TRACE org.hibernate.type.descriptor.sql.BasicBinder  - binding parameter [1] as [VARCHAR] - [15eg3e7vpeur99qbto71qgd0hl]
2016-10-25 18:52:30.638 [qtp1822525972-15] DEBUG org.hibernate.SQL  - select authentica0_.id as id1_0_, authentica0_.token as token2_0_, authentica0_.user_id as user_id3_0_ from AuthenticatedUser authentica0_ where authentica0_.token=?
2016-10-25 18:52:30.638 [qtp1822525972-15] TRACE org.hibernate.type.descriptor.sql.BasicBinder  - binding parameter [1] as [VARCHAR] - [15eg3e7vpeur99qbto71qgd0hl]
2016-10-25 18:52:30.639 [qtp1822525972-17] DEBUG org.hibernate.SQL  - select user0_.id as id1_7_0_, user0_.created as created2_7_0_, user0_.email as email3_7_0_, user0_.password as password4_7_0_, user0_.role as role5_7_0_ from User user0_ where user0_.id=?
2016-10-25 18:52:30.640 [qtp1822525972-17] TRACE org.hibernate.type.descriptor.sql.BasicBinder  - binding parameter [1] as [BIGINT] - [1]
2016-10-25 18:52:30.640 [qtp1822525972-15] DEBUG org.hibernate.SQL  - select user0_.id as id1_7_0_, user0_.created as created2_7_0_, user0_.email as email3_7_0_, user0_.password as password4_7_0_, user0_.role as role5_7_0_ from User user0_ where user0_.id=?
2016-10-25 18:52:30.640 [qtp1822525972-15] TRACE org.hibernate.type.descriptor.sql.BasicBinder  - binding parameter [1] as [BIGINT] - [1]
2016-10-25 18:52:30.650 [qtp1822525972-15] DEBUG org.hibernate.SQL  - select timercard0_.id as id1_5_0_, user2_.id as id1_7_1_, timercard0_.created as created2_5_0_, timercard0_.description as descript3_5_0_, timercard0_.endDate as endDate4_5_0_, timercard0_.title as title5_5_0_, user2_.created as created2_7_1_, user2_.email as email3_7_1_, user2_.password as password4_7_1_, user2_.role as role5_7_1_, users1_.timercard as timercar1_5_0__, users1_.user as user2_6_0__ from TimerCard timercard0_ left outer join TimerCard_User users1_ on timercard0_.id=users1_.timercard left outer join User user2_ on users1_.user=user2_.id where user2_.id=?
2016-10-25 18:52:30.651 [qtp1822525972-15] TRACE org.hibernate.type.descriptor.sql.BasicBinder  - binding parameter [1] as [BIGINT] - [1]
2016-10-25 18:52:30.653 [qtp1822525972-17] DEBUG org.hibernate.SQL  - select card0_.id as id1_1_0_, user2_.id as id1_7_1_, card0_.created as created2_1_0_, card0_.description as descript3_1_0_, card0_.pinned as pinned4_1_0_, card0_.title as title5_1_0_, user2_.created as created2_7_1_, user2_.email as email3_7_1_, user2_.password as password4_7_1_, user2_.role as role5_7_1_, users1_.card as card1_1_0__, users1_.user as user2_2_0__ from Card card0_ left outer join Card_User users1_ on card0_.id=users1_.card left outer join User user2_ on users1_.user=user2_.id where user2_.id=?
2016-10-25 18:52:30.662 [qtp1822525972-17] TRACE org.hibernate.type.descriptor.sql.BasicBinder  - binding parameter [1] as [BIGINT] - [1]
2016-10-25 18:54:00.574 [qtp1822525972-22] DEBUG org.hibernate.SQL  - select authentica0_.id as id1_0_, authentica0_.token as token2_0_, authentica0_.user_id as user_id3_0_ from AuthenticatedUser authentica0_ where authentica0_.token=?
2016-10-25 18:54:00.578 [qtp1822525972-22] TRACE org.hibernate.type.descriptor.sql.BasicBinder  - binding parameter [1] as [VARCHAR] - [15eg3e7vpeur99qbto71qgd0hl]
2016-10-25 18:54:00.585 [qtp1822525972-22] DEBUG org.hibernate.SQL  - select user0_.id as id1_7_0_, user0_.created as created2_7_0_, user0_.email as email3_7_0_, user0_.password as password4_7_0_, user0_.role as role5_7_0_ from User user0_ where user0_.id=?
2016-10-25 18:54:00.586 [qtp1822525972-22] TRACE org.hibernate.type.descriptor.sql.BasicBinder  - binding parameter [1] as [BIGINT] - [1]
2016-10-25 18:54:00.592 [qtp1822525972-22] DEBUG org.hibernate.SQL  - select timercard0_.id as id1_5_0_, user2_.id as id1_7_1_, timercard0_.created as created2_5_0_, timercard0_.description as descript3_5_0_, timercard0_.endDate as endDate4_5_0_, timercard0_.title as title5_5_0_, user2_.created as created2_7_1_, user2_.email as email3_7_1_, user2_.password as password4_7_1_, user2_.role as role5_7_1_, users1_.timercard as timercar1_5_0__, users1_.user as user2_6_0__ from TimerCard timercard0_ left outer join TimerCard_User users1_ on timercard0_.id=users1_.timercard left outer join User user2_ on users1_.user=user2_.id where user2_.id=?
2016-10-25 18:54:00.593 [qtp1822525972-22] TRACE org.hibernate.type.descriptor.sql.BasicBinder  - binding parameter [1] as [BIGINT] - [1]
2016-10-25 18:54:00.601 [qtp1822525972-17] DEBUG org.hibernate.SQL  - select authentica0_.id as id1_0_, authentica0_.token as token2_0_, authentica0_.user_id as user_id3_0_ from AuthenticatedUser authentica0_ where authentica0_.token=?
2016-10-25 18:54:00.602 [qtp1822525972-17] TRACE org.hibernate.type.descriptor.sql.BasicBinder  - binding parameter [1] as [VARCHAR] - [15eg3e7vpeur99qbto71qgd0hl]
2016-10-25 18:54:00.604 [qtp1822525972-17] DEBUG org.hibernate.SQL  - select user0_.id as id1_7_0_, user0_.created as created2_7_0_, user0_.email as email3_7_0_, user0_.password as password4_7_0_, user0_.role as role5_7_0_ from User user0_ where user0_.id=?
2016-10-25 18:54:00.605 [qtp1822525972-17] TRACE org.hibernate.type.descriptor.sql.BasicBinder  - binding parameter [1] as [BIGINT] - [1]
2016-10-25 18:54:00.609 [qtp1822525972-17] DEBUG org.hibernate.SQL  - select card0_.id as id1_1_0_, user2_.id as id1_7_1_, card0_.created as created2_1_0_, card0_.description as descript3_1_0_, card0_.pinned as pinned4_1_0_, card0_.title as title5_1_0_, user2_.created as created2_7_1_, user2_.email as email3_7_1_, user2_.password as password4_7_1_, user2_.role as role5_7_1_, users1_.card as card1_1_0__, users1_.user as user2_2_0__ from Card card0_ left outer join Card_User users1_ on card0_.id=users1_.card left outer join User user2_ on users1_.user=user2_.id where user2_.id=?
2016-10-25 18:54:00.610 [qtp1822525972-17] TRACE org.hibernate.type.descriptor.sql.BasicBinder  - binding parameter [1] as [BIGINT] - [1]
2016-10-25 18:55:30.570 [qtp1822525972-22] DEBUG org.hibernate.SQL  - select authentica0_.id as id1_0_, authentica0_.token as token2_0_, authentica0_.user_id as user_id3_0_ from AuthenticatedUser authentica0_ where authentica0_.token=?
2016-10-25 18:55:30.573 [qtp1822525972-17] DEBUG org.hibernate.SQL  - select authentica0_.id as id1_0_, authentica0_.token as token2_0_, authentica0_.user_id as user_id3_0_ from AuthenticatedUser authentica0_ where authentica0_.token=?
2016-10-25 18:55:30.574 [qtp1822525972-22] TRACE org.hibernate.type.descriptor.sql.BasicBinder  - binding parameter [1] as [VARCHAR] - [15eg3e7vpeur99qbto71qgd0hl]
2016-10-25 18:55:30.574 [qtp1822525972-17] TRACE org.hibernate.type.descriptor.sql.BasicBinder  - binding parameter [1] as [VARCHAR] - [15eg3e7vpeur99qbto71qgd0hl]
2016-10-25 18:55:30.577 [qtp1822525972-22] DEBUG org.hibernate.SQL  - select user0_.id as id1_7_0_, user0_.created as created2_7_0_, user0_.email as email3_7_0_, user0_.password as password4_7_0_, user0_.role as role5_7_0_ from User user0_ where user0_.id=?
2016-10-25 18:55:30.577 [qtp1822525972-17] DEBUG org.hibernate.SQL  - select user0_.id as id1_7_0_, user0_.created as created2_7_0_, user0_.email as email3_7_0_, user0_.password as password4_7_0_, user0_.role as role5_7_0_ from User user0_ where user0_.id=?
2016-10-25 18:55:30.578 [qtp1822525972-22] TRACE org.hibernate.type.descriptor.sql.BasicBinder  - binding parameter [1] as [BIGINT] - [1]
2016-10-25 18:55:30.578 [qtp1822525972-17] TRACE org.hibernate.type.descriptor.sql.BasicBinder  - binding parameter [1] as [BIGINT] - [1]
2016-10-25 18:55:30.582 [qtp1822525972-22] DEBUG org.hibernate.SQL  - select card0_.id as id1_1_0_, user2_.id as id1_7_1_, card0_.created as created2_1_0_, card0_.description as descript3_1_0_, card0_.pinned as pinned4_1_0_, card0_.title as title5_1_0_, user2_.created as created2_7_1_, user2_.email as email3_7_1_, user2_.password as password4_7_1_, user2_.role as role5_7_1_, users1_.card as card1_1_0__, users1_.user as user2_2_0__ from Card card0_ left outer join Card_User users1_ on card0_.id=users1_.card left outer join User user2_ on users1_.user=user2_.id where user2_.id=?
2016-10-25 18:55:30.583 [qtp1822525972-17] DEBUG org.hibernate.SQL  - select timercard0_.id as id1_5_0_, user2_.id as id1_7_1_, timercard0_.created as created2_5_0_, timercard0_.description as descript3_5_0_, timercard0_.endDate as endDate4_5_0_, timercard0_.title as title5_5_0_, user2_.created as created2_7_1_, user2_.email as email3_7_1_, user2_.password as password4_7_1_, user2_.role as role5_7_1_, users1_.timercard as timercar1_5_0__, users1_.user as user2_6_0__ from TimerCard timercard0_ left outer join TimerCard_User users1_ on timercard0_.id=users1_.timercard left outer join User user2_ on users1_.user=user2_.id where user2_.id=?
2016-10-25 18:55:30.583 [qtp1822525972-22] TRACE org.hibernate.type.descriptor.sql.BasicBinder  - binding parameter [1] as [BIGINT] - [1]
2016-10-25 18:55:30.583 [qtp1822525972-17] TRACE org.hibernate.type.descriptor.sql.BasicBinder  - binding parameter [1] as [BIGINT] - [1]
2016-10-25 18:57:00.607 [qtp1822525972-21] DEBUG org.hibernate.SQL  - select authentica0_.id as id1_0_, authentica0_.token as token2_0_, authentica0_.user_id as user_id3_0_ from AuthenticatedUser authentica0_ where authentica0_.token=?
2016-10-25 18:57:00.609 [qtp1822525972-21] TRACE org.hibernate.type.descriptor.sql.BasicBinder  - binding parameter [1] as [VARCHAR] - [15eg3e7vpeur99qbto71qgd0hl]
2016-10-25 18:57:00.611 [qtp1822525972-21] DEBUG org.hibernate.SQL  - select user0_.id as id1_7_0_, user0_.created as created2_7_0_, user0_.email as email3_7_0_, user0_.password as password4_7_0_, user0_.role as role5_7_0_ from User user0_ where user0_.id=?
2016-10-25 18:57:00.612 [qtp1822525972-21] TRACE org.hibernate.type.descriptor.sql.BasicBinder  - binding parameter [1] as [BIGINT] - [1]
2016-10-25 18:57:00.623 [qtp1822525972-21] DEBUG org.hibernate.SQL  - select timercard0_.id as id1_5_0_, user2_.id as id1_7_1_, timercard0_.created as created2_5_0_, timercard0_.description as descript3_5_0_, timercard0_.endDate as endDate4_5_0_, timercard0_.title as title5_5_0_, user2_.created as created2_7_1_, user2_.email as email3_7_1_, user2_.password as password4_7_1_, user2_.role as role5_7_1_, users1_.timercard as timercar1_5_0__, users1_.user as user2_6_0__ from TimerCard timercard0_ left outer join TimerCard_User users1_ on timercard0_.id=users1_.timercard left outer join User user2_ on users1_.user=user2_.id where user2_.id=?
2016-10-25 18:57:00.624 [qtp1822525972-21] TRACE org.hibernate.type.descriptor.sql.BasicBinder  - binding parameter [1] as [BIGINT] - [1]
2016-10-25 18:57:00.654 [qtp1822525972-17] DEBUG org.hibernate.SQL  - select authentica0_.id as id1_0_, authentica0_.token as token2_0_, authentica0_.user_id as user_id3_0_ from AuthenticatedUser authentica0_ where authentica0_.token=?
2016-10-25 18:57:00.655 [qtp1822525972-17] TRACE org.hibernate.type.descriptor.sql.BasicBinder  - binding parameter [1] as [VARCHAR] - [15eg3e7vpeur99qbto71qgd0hl]
2016-10-25 18:57:00.657 [qtp1822525972-17] DEBUG org.hibernate.SQL  - select user0_.id as id1_7_0_, user0_.created as created2_7_0_, user0_.email as email3_7_0_, user0_.password as password4_7_0_, user0_.role as role5_7_0_ from User user0_ where user0_.id=?
2016-10-25 18:57:00.657 [qtp1822525972-17] TRACE org.hibernate.type.descriptor.sql.BasicBinder  - binding parameter [1] as [BIGINT] - [1]
2016-10-25 18:57:00.662 [qtp1822525972-17] DEBUG org.hibernate.SQL  - select card0_.id as id1_1_0_, user2_.id as id1_7_1_, card0_.created as created2_1_0_, card0_.description as descript3_1_0_, card0_.pinned as pinned4_1_0_, card0_.title as title5_1_0_, user2_.created as created2_7_1_, user2_.email as email3_7_1_, user2_.password as password4_7_1_, user2_.role as role5_7_1_, users1_.card as card1_1_0__, users1_.user as user2_2_0__ from Card card0_ left outer join Card_User users1_ on card0_.id=users1_.card left outer join User user2_ on users1_.user=user2_.id where user2_.id=?
2016-10-25 18:57:00.662 [qtp1822525972-17] TRACE org.hibernate.type.descriptor.sql.BasicBinder  - binding parameter [1] as [BIGINT] - [1]
2016-10-25 18:58:30.652 [qtp1822525972-15] DEBUG org.hibernate.SQL  - select authentica0_.id as id1_0_, authentica0_.token as token2_0_, authentica0_.user_id as user_id3_0_ from AuthenticatedUser authentica0_ where authentica0_.token=?
2016-10-25 18:58:30.653 [qtp1822525972-15] TRACE org.hibernate.type.descriptor.sql.BasicBinder  - binding parameter [1] as [VARCHAR] - [15eg3e7vpeur99qbto71qgd0hl]
2016-10-25 18:58:30.660 [qtp1822525972-15] DEBUG org.hibernate.SQL  - select user0_.id as id1_7_0_, user0_.created as created2_7_0_, user0_.email as email3_7_0_, user0_.password as password4_7_0_, user0_.role as role5_7_0_ from User user0_ where user0_.id=?
2016-10-25 18:58:30.665 [qtp1822525972-15] TRACE org.hibernate.type.descriptor.sql.BasicBinder  - binding parameter [1] as [BIGINT] - [1]
2016-10-25 18:58:30.683 [qtp1822525972-15] DEBUG org.hibernate.SQL  - select card0_.id as id1_1_0_, user2_.id as id1_7_1_, card0_.created as created2_1_0_, card0_.description as descript3_1_0_, card0_.pinned as pinned4_1_0_, card0_.title as title5_1_0_, user2_.created as created2_7_1_, user2_.email as email3_7_1_, user2_.password as password4_7_1_, user2_.role as role5_7_1_, users1_.card as card1_1_0__, users1_.user as user2_2_0__ from Card card0_ left outer join Card_User users1_ on card0_.id=users1_.card left outer join User user2_ on users1_.user=user2_.id where user2_.id=?
2016-10-25 18:58:30.684 [qtp1822525972-15] TRACE org.hibernate.type.descriptor.sql.BasicBinder  - binding parameter [1] as [BIGINT] - [1]
2016-10-25 18:58:30.690 [qtp1822525972-17] DEBUG org.hibernate.SQL  - select authentica0_.id as id1_0_, authentica0_.token as token2_0_, authentica0_.user_id as user_id3_0_ from AuthenticatedUser authentica0_ where authentica0_.token=?
2016-10-25 18:58:30.693 [qtp1822525972-17] TRACE org.hibernate.type.descriptor.sql.BasicBinder  - binding parameter [1] as [VARCHAR] - [15eg3e7vpeur99qbto71qgd0hl]
2016-10-25 18:58:30.697 [qtp1822525972-17] DEBUG org.hibernate.SQL  - select user0_.id as id1_7_0_, user0_.created as created2_7_0_, user0_.email as email3_7_0_, user0_.password as password4_7_0_, user0_.role as role5_7_0_ from User user0_ where user0_.id=?
2016-10-25 18:58:30.697 [qtp1822525972-17] TRACE org.hibernate.type.descriptor.sql.BasicBinder  - binding parameter [1] as [BIGINT] - [1]
2016-10-25 18:58:30.707 [qtp1822525972-17] DEBUG org.hibernate.SQL  - select timercard0_.id as id1_5_0_, user2_.id as id1_7_1_, timercard0_.created as created2_5_0_, timercard0_.description as descript3_5_0_, timercard0_.endDate as endDate4_5_0_, timercard0_.title as title5_5_0_, user2_.created as created2_7_1_, user2_.email as email3_7_1_, user2_.password as password4_7_1_, user2_.role as role5_7_1_, users1_.timercard as timercar1_5_0__, users1_.user as user2_6_0__ from TimerCard timercard0_ left outer join TimerCard_User users1_ on timercard0_.id=users1_.timercard left outer join User user2_ on users1_.user=user2_.id where user2_.id=?
2016-10-25 18:58:30.712 [qtp1822525972-17] TRACE org.hibernate.type.descriptor.sql.BasicBinder  - binding parameter [1] as [BIGINT] - [1]
2016-10-25 19:00:00.627 [qtp1822525972-21] DEBUG org.hibernate.SQL  - select authentica0_.id as id1_0_, authentica0_.token as token2_0_, authentica0_.user_id as user_id3_0_ from AuthenticatedUser authentica0_ where authentica0_.token=?
2016-10-25 19:00:00.629 [qtp1822525972-21] TRACE org.hibernate.type.descriptor.sql.BasicBinder  - binding parameter [1] as [VARCHAR] - [15eg3e7vpeur99qbto71qgd0hl]
2016-10-25 19:00:00.630 [qtp1822525972-15] DEBUG org.hibernate.SQL  - select authentica0_.id as id1_0_, authentica0_.token as token2_0_, authentica0_.user_id as user_id3_0_ from AuthenticatedUser authentica0_ where authentica0_.token=?
2016-10-25 19:00:00.631 [qtp1822525972-21] DEBUG org.hibernate.SQL  - select user0_.id as id1_7_0_, user0_.created as created2_7_0_, user0_.email as email3_7_0_, user0_.password as password4_7_0_, user0_.role as role5_7_0_ from User user0_ where user0_.id=?
2016-10-25 19:00:00.631 [qtp1822525972-15] TRACE org.hibernate.type.descriptor.sql.BasicBinder  - binding parameter [1] as [VARCHAR] - [15eg3e7vpeur99qbto71qgd0hl]
2016-10-25 19:00:00.631 [qtp1822525972-21] TRACE org.hibernate.type.descriptor.sql.BasicBinder  - binding parameter [1] as [BIGINT] - [1]
2016-10-25 19:00:00.633 [qtp1822525972-15] DEBUG org.hibernate.SQL  - select user0_.id as id1_7_0_, user0_.created as created2_7_0_, user0_.email as email3_7_0_, user0_.password as password4_7_0_, user0_.role as role5_7_0_ from User user0_ where user0_.id=?
2016-10-25 19:00:00.634 [qtp1822525972-15] TRACE org.hibernate.type.descriptor.sql.BasicBinder  - binding parameter [1] as [BIGINT] - [1]
2016-10-25 19:00:00.636 [qtp1822525972-21] DEBUG org.hibernate.SQL  - select card0_.id as id1_1_0_, user2_.id as id1_7_1_, card0_.created as created2_1_0_, card0_.description as descript3_1_0_, card0_.pinned as pinned4_1_0_, card0_.title as title5_1_0_, user2_.created as created2_7_1_, user2_.email as email3_7_1_, user2_.password as password4_7_1_, user2_.role as role5_7_1_, users1_.card as card1_1_0__, users1_.user as user2_2_0__ from Card card0_ left outer join Card_User users1_ on card0_.id=users1_.card left outer join User user2_ on users1_.user=user2_.id where user2_.id=?
2016-10-25 19:00:00.637 [qtp1822525972-21] TRACE org.hibernate.type.descriptor.sql.BasicBinder  - binding parameter [1] as [BIGINT] - [1]
2016-10-25 19:00:00.639 [qtp1822525972-15] DEBUG org.hibernate.SQL  - select timercard0_.id as id1_5_0_, user2_.id as id1_7_1_, timercard0_.created as created2_5_0_, timercard0_.description as descript3_5_0_, timercard0_.endDate as endDate4_5_0_, timercard0_.title as title5_5_0_, user2_.created as created2_7_1_, user2_.email as email3_7_1_, user2_.password as password4_7_1_, user2_.role as role5_7_1_, users1_.timercard as timercar1_5_0__, users1_.user as user2_6_0__ from TimerCard timercard0_ left outer join TimerCard_User users1_ on timercard0_.id=users1_.timercard left outer join User user2_ on users1_.user=user2_.id where user2_.id=?
2016-10-25 19:00:00.640 [qtp1822525972-15] TRACE org.hibernate.type.descriptor.sql.BasicBinder  - binding parameter [1] as [BIGINT] - [1]
2016-10-25 19:01:30.656 [qtp1822525972-15] DEBUG org.hibernate.SQL  - select authentica0_.id as id1_0_, authentica0_.token as token2_0_, authentica0_.user_id as user_id3_0_ from AuthenticatedUser authentica0_ where authentica0_.token=?
2016-10-25 19:01:30.657 [qtp1822525972-15] TRACE org.hibernate.type.descriptor.sql.BasicBinder  - binding parameter [1] as [VARCHAR] - [15eg3e7vpeur99qbto71qgd0hl]
2016-10-25 19:01:30.659 [qtp1822525972-21] DEBUG org.hibernate.SQL  - select authentica0_.id as id1_0_, authentica0_.token as token2_0_, authentica0_.user_id as user_id3_0_ from AuthenticatedUser authentica0_ where authentica0_.token=?
2016-10-25 19:01:30.675 [qtp1822525972-21] TRACE org.hibernate.type.descriptor.sql.BasicBinder  - binding parameter [1] as [VARCHAR] - [15eg3e7vpeur99qbto71qgd0hl]
2016-10-25 19:01:30.659 [qtp1822525972-15] DEBUG org.hibernate.SQL  - select user0_.id as id1_7_0_, user0_.created as created2_7_0_, user0_.email as email3_7_0_, user0_.password as password4_7_0_, user0_.role as role5_7_0_ from User user0_ where user0_.id=?
2016-10-25 19:01:30.678 [qtp1822525972-15] TRACE org.hibernate.type.descriptor.sql.BasicBinder  - binding parameter [1] as [BIGINT] - [1]
2016-10-25 19:01:30.679 [qtp1822525972-21] DEBUG org.hibernate.SQL  - select user0_.id as id1_7_0_, user0_.created as created2_7_0_, user0_.email as email3_7_0_, user0_.password as password4_7_0_, user0_.role as role5_7_0_ from User user0_ where user0_.id=?
2016-10-25 19:01:30.679 [qtp1822525972-21] TRACE org.hibernate.type.descriptor.sql.BasicBinder  - binding parameter [1] as [BIGINT] - [1]
2016-10-25 19:01:30.685 [qtp1822525972-15] DEBUG org.hibernate.SQL  - select card0_.id as id1_1_0_, user2_.id as id1_7_1_, card0_.created as created2_1_0_, card0_.description as descript3_1_0_, card0_.pinned as pinned4_1_0_, card0_.title as title5_1_0_, user2_.created as created2_7_1_, user2_.email as email3_7_1_, user2_.password as password4_7_1_, user2_.role as role5_7_1_, users1_.card as card1_1_0__, users1_.user as user2_2_0__ from Card card0_ left outer join Card_User users1_ on card0_.id=users1_.card left outer join User user2_ on users1_.user=user2_.id where user2_.id=?
2016-10-25 19:01:30.686 [qtp1822525972-15] TRACE org.hibernate.type.descriptor.sql.BasicBinder  - binding parameter [1] as [BIGINT] - [1]
2016-10-25 19:01:30.689 [qtp1822525972-21] DEBUG org.hibernate.SQL  - select timercard0_.id as id1_5_0_, user2_.id as id1_7_1_, timercard0_.created as created2_5_0_, timercard0_.description as descript3_5_0_, timercard0_.endDate as endDate4_5_0_, timercard0_.title as title5_5_0_, user2_.created as created2_7_1_, user2_.email as email3_7_1_, user2_.password as password4_7_1_, user2_.role as role5_7_1_, users1_.timercard as timercar1_5_0__, users1_.user as user2_6_0__ from TimerCard timercard0_ left outer join TimerCard_User users1_ on timercard0_.id=users1_.timercard left outer join User user2_ on users1_.user=user2_.id where user2_.id=?
2016-10-25 19:01:30.693 [qtp1822525972-21] TRACE org.hibernate.type.descriptor.sql.BasicBinder  - binding parameter [1] as [BIGINT] - [1]
2016-10-25 19:03:00.613 [qtp1822525972-22] DEBUG org.hibernate.SQL  - select authentica0_.id as id1_0_, authentica0_.token as token2_0_, authentica0_.user_id as user_id3_0_ from AuthenticatedUser authentica0_ where authentica0_.token=?
2016-10-25 19:03:00.619 [qtp1822525972-15] DEBUG org.hibernate.SQL  - select authentica0_.id as id1_0_, authentica0_.token as token2_0_, authentica0_.user_id as user_id3_0_ from AuthenticatedUser authentica0_ where authentica0_.token=?
2016-10-25 19:03:00.621 [qtp1822525972-15] TRACE org.hibernate.type.descriptor.sql.BasicBinder  - binding parameter [1] as [VARCHAR] - [15eg3e7vpeur99qbto71qgd0hl]
2016-10-25 19:03:00.621 [qtp1822525972-22] TRACE org.hibernate.type.descriptor.sql.BasicBinder  - binding parameter [1] as [VARCHAR] - [15eg3e7vpeur99qbto71qgd0hl]
2016-10-25 19:03:00.623 [qtp1822525972-15] DEBUG org.hibernate.SQL  - select user0_.id as id1_7_0_, user0_.created as created2_7_0_, user0_.email as email3_7_0_, user0_.password as password4_7_0_, user0_.role as role5_7_0_ from User user0_ where user0_.id=?
2016-10-25 19:03:00.624 [qtp1822525972-15] TRACE org.hibernate.type.descriptor.sql.BasicBinder  - binding parameter [1] as [BIGINT] - [1]
2016-10-25 19:03:00.625 [qtp1822525972-22] DEBUG org.hibernate.SQL  - select user0_.id as id1_7_0_, user0_.created as created2_7_0_, user0_.email as email3_7_0_, user0_.password as password4_7_0_, user0_.role as role5_7_0_ from User user0_ where user0_.id=?
2016-10-25 19:03:00.627 [qtp1822525972-22] TRACE org.hibernate.type.descriptor.sql.BasicBinder  - binding parameter [1] as [BIGINT] - [1]
2016-10-25 19:03:00.635 [qtp1822525972-15] DEBUG org.hibernate.SQL  - select card0_.id as id1_1_0_, user2_.id as id1_7_1_, card0_.created as created2_1_0_, card0_.description as descript3_1_0_, card0_.pinned as pinned4_1_0_, card0_.title as title5_1_0_, user2_.created as created2_7_1_, user2_.email as email3_7_1_, user2_.password as password4_7_1_, user2_.role as role5_7_1_, users1_.card as card1_1_0__, users1_.user as user2_2_0__ from Card card0_ left outer join Card_User users1_ on card0_.id=users1_.card left outer join User user2_ on users1_.user=user2_.id where user2_.id=?
2016-10-25 19:03:00.636 [qtp1822525972-15] TRACE org.hibernate.type.descriptor.sql.BasicBinder  - binding parameter [1] as [BIGINT] - [1]
2016-10-25 19:03:00.638 [qtp1822525972-22] DEBUG org.hibernate.SQL  - select timercard0_.id as id1_5_0_, user2_.id as id1_7_1_, timercard0_.created as created2_5_0_, timercard0_.description as descript3_5_0_, timercard0_.endDate as endDate4_5_0_, timercard0_.title as title5_5_0_, user2_.created as created2_7_1_, user2_.email as email3_7_1_, user2_.password as password4_7_1_, user2_.role as role5_7_1_, users1_.timercard as timercar1_5_0__, users1_.user as user2_6_0__ from TimerCard timercard0_ left outer join TimerCard_User users1_ on timercard0_.id=users1_.timercard left outer join User user2_ on users1_.user=user2_.id where user2_.id=?
2016-10-25 19:03:00.642 [qtp1822525972-22] TRACE org.hibernate.type.descriptor.sql.BasicBinder  - binding parameter [1] as [BIGINT] - [1]
2016-10-25 19:04:30.586 [qtp1822525972-17] DEBUG org.hibernate.SQL  - select authentica0_.id as id1_0_, authentica0_.token as token2_0_, authentica0_.user_id as user_id3_0_ from AuthenticatedUser authentica0_ where authentica0_.token=?
2016-10-25 19:04:30.589 [qtp1822525972-17] TRACE org.hibernate.type.descriptor.sql.BasicBinder  - binding parameter [1] as [VARCHAR] - [15eg3e7vpeur99qbto71qgd0hl]
2016-10-25 19:04:30.592 [qtp1822525972-17] DEBUG org.hibernate.SQL  - select user0_.id as id1_7_0_, user0_.created as created2_7_0_, user0_.email as email3_7_0_, user0_.password as password4_7_0_, user0_.role as role5_7_0_ from User user0_ where user0_.id=?
2016-10-25 19:04:30.593 [qtp1822525972-17] TRACE org.hibernate.type.descriptor.sql.BasicBinder  - binding parameter [1] as [BIGINT] - [1]
2016-10-25 19:04:30.599 [qtp1822525972-17] DEBUG org.hibernate.SQL  - select card0_.id as id1_1_0_, user2_.id as id1_7_1_, card0_.created as created2_1_0_, card0_.description as descript3_1_0_, card0_.pinned as pinned4_1_0_, card0_.title as title5_1_0_, user2_.created as created2_7_1_, user2_.email as email3_7_1_, user2_.password as password4_7_1_, user2_.role as role5_7_1_, users1_.card as card1_1_0__, users1_.user as user2_2_0__ from Card card0_ left outer join Card_User users1_ on card0_.id=users1_.card left outer join User user2_ on users1_.user=user2_.id where user2_.id=?
2016-10-25 19:04:30.600 [qtp1822525972-17] TRACE org.hibernate.type.descriptor.sql.BasicBinder  - binding parameter [1] as [BIGINT] - [1]
2016-10-25 19:04:30.621 [qtp1822525972-22] DEBUG org.hibernate.SQL  - select authentica0_.id as id1_0_, authentica0_.token as token2_0_, authentica0_.user_id as user_id3_0_ from AuthenticatedUser authentica0_ where authentica0_.token=?
2016-10-25 19:04:30.622 [qtp1822525972-22] TRACE org.hibernate.type.descriptor.sql.BasicBinder  - binding parameter [1] as [VARCHAR] - [15eg3e7vpeur99qbto71qgd0hl]
2016-10-25 19:04:30.640 [qtp1822525972-22] DEBUG org.hibernate.SQL  - select user0_.id as id1_7_0_, user0_.created as created2_7_0_, user0_.email as email3_7_0_, user0_.password as password4_7_0_, user0_.role as role5_7_0_ from User user0_ where user0_.id=?
2016-10-25 19:04:30.641 [qtp1822525972-22] TRACE org.hibernate.type.descriptor.sql.BasicBinder  - binding parameter [1] as [BIGINT] - [1]
2016-10-25 19:04:30.656 [qtp1822525972-22] DEBUG org.hibernate.SQL  - select timercard0_.id as id1_5_0_, user2_.id as id1_7_1_, timercard0_.created as created2_5_0_, timercard0_.description as descript3_5_0_, timercard0_.endDate as endDate4_5_0_, timercard0_.title as title5_5_0_, user2_.created as created2_7_1_, user2_.email as email3_7_1_, user2_.password as password4_7_1_, user2_.role as role5_7_1_, users1_.timercard as timercar1_5_0__, users1_.user as user2_6_0__ from TimerCard timercard0_ left outer join TimerCard_User users1_ on timercard0_.id=users1_.timercard left outer join User user2_ on users1_.user=user2_.id where user2_.id=?
2016-10-25 19:04:30.657 [qtp1822525972-22] TRACE org.hibernate.type.descriptor.sql.BasicBinder  - binding parameter [1] as [BIGINT] - [1]
